[debug] [2025-02-15T21:35:48.418Z] ----------------------------------------------------------------------
[debug] [2025-02-15T21:35:48.420Z] Command:       C:\Program Files\nodejs\node.exe C:\Program Files\nodejs\node_modules\firebase-tools\lib\bin\firebase.js init hosting
[debug] [2025-02-15T21:35:48.421Z] CLI Version:   13.31.1
[debug] [2025-02-15T21:35:48.421Z] Platform:      win32
[debug] [2025-02-15T21:35:48.421Z] Node Version:  v22.13.1
[debug] [2025-02-15T21:35:48.421Z] Time:          Sun Feb 16 2025 03:05:48 GMT+0530 (India Standard Time)
[debug] [2025-02-15T21:35:48.421Z] ----------------------------------------------------------------------
[debug] 
[debug] [2025-02-15T21:35:48.428Z] > command requires scopes: ["email","openid","https://www.googleapis.com/auth/cloudplatformprojects.readonly","https://www.googleapis.com/auth/firebase","https://www.googleapis.com/auth/cloud-platform"]
[debug] [2025-02-15T21:35:48.428Z] > authorizing via signed-in user (sharafumthouse@gmail.com)
[info] 
     ######## #### ########  ######## ########     ###     ######  ########
     ##        ##  ##     ## ##       ##     ##  ##   ##  ##       ##
     ######    ##  ########  ######   ########  #########  ######  ######
     ##        ##  ##    ##  ##       ##     ## ##     ##       ## ##
     ##       #### ##     ## ######## ########  ##     ##  ######  ########

You're about to initialize a Firebase project in this directory:

  C:\Users\shara\OneDrive\Documents\ME\Interview Task\Alter Office\Task-management

[info] 
=== Project Setup
[info] 
[info] First, let's associate this project directory with a Firebase project.
[info] You can create multiple project aliases by running firebase use --add, 
[info] but for now we'll just set up a default project.
[info] 
[debug] [2025-02-15T21:35:52.214Z] Checked if tokens are valid: true, expires at: 1739658865229
[debug] [2025-02-15T21:35:52.215Z] Checked if tokens are valid: true, expires at: 1739658865229
[debug] [2025-02-15T21:35:52.216Z] >>> [apiv2][query] GET https://firebase.googleapis.com/v1beta1/projects pageSize=100
[debug] [2025-02-15T21:35:53.248Z] <<< [apiv2][status] GET https://firebase.googleapis.com/v1beta1/projects 200
[debug] [2025-02-15T21:35:53.248Z] <<< [apiv2][body] GET https://firebase.googleapis.com/v1beta1/projects [omitted]
[info] i  Using project rect-task-management-alter (Rect-Task-Management-Alter) 
[info] 
=== Hosting Setup
[debug] [2025-02-15T21:35:56.545Z] Checked if tokens are valid: true, expires at: 1739658865229
[debug] [2025-02-15T21:35:56.545Z] Checked if tokens are valid: true, expires at: 1739658865229
[debug] [2025-02-15T21:35:56.545Z] >>> [apiv2][query] GET https://firebase.googleapis.com/v1beta1/projects/rect-task-management-alter [none]
[debug] [2025-02-15T21:35:56.893Z] <<< [apiv2][status] GET https://firebase.googleapis.com/v1beta1/projects/rect-task-management-alter 200
[debug] [2025-02-15T21:35:56.893Z] <<< [apiv2][body] GET https://firebase.googleapis.com/v1beta1/projects/rect-task-management-alter {"projectId":"rect-task-management-alter","projectNumber":"847174153168","displayName":"Rect-Task-Management-Alter","name":"projects/rect-task-management-alter","resources":{"hostingSite":"rect-task-management-alter"},"state":"ACTIVE","etag":"1_45a46978-904a-489e-99b4-1058624b8d4d"}
[info] 
[info] Your public directory is the folder (relative to your project directory) that
[info] will contain Hosting assets to be uploaded with firebase deploy. If you
[info] have a build process for your assets, use your build's output directory.
[info] 
[debug] [2025-02-15T21:36:07.917Z] >>> [apiv2][query] GET https://www.gstatic.com/firebasejs/releases.json [none]
[debug] [2025-02-15T21:36:08.210Z] <<< [apiv2][status] GET https://www.gstatic.com/firebasejs/releases.json 200
[debug] [2025-02-15T21:36:08.210Z] <<< [apiv2][body] GET https://www.gstatic.com/firebasejs/releases.json {"current":{"version":"11.3.1","browserURL":"https://www.gstatic.com/firebasejs/11.3.1/firebase.js","packageURL":"https://www.gstatic.com/firebasejs/11.3.1/firebase.tgz"},"live":{"version":"11.3","browserURL":"https://www.gstatic.com/firebasejs/live/11.3/firebase.js","packageURL":"https://www.gstatic.com/firebasejs/live/11.3/firebase.tgz"},"components":{"analytics":"https://www.gstatic.com/firebasejs/11.3.1/firebase-analytics.js","app":"https://www.gstatic.com/firebasejs/11.3.1/firebase-app.js","app-check":"https://www.gstatic.com/firebasejs/11.3.1/firebase-app-check.js","auth":"https://www.gstatic.com/firebasejs/11.3.1/firebase-auth.js","auth/cordova":"https://www.gstatic.com/firebasejs/11.3.1/firebase-auth/cordova.js","auth/web-extension":"https://www.gstatic.com/firebasejs/11.3.1/firebase-auth/web-extension.js","functions":"https://www.gstatic.com/firebasejs/11.3.1/firebase-functions.js","firestore":"https://www.gstatic.com/firebasejs/11.3.1/firebase-firestore.js","firestore/lite":"https://www.gstatic.com/firebasejs/11.3.1/firebase-firestore/lite.js","installations":"https://www.gstatic.com/firebasejs/11.3.1/firebase-installations.js","storage":"https://www.gstatic.com/firebasejs/11.3.1/firebase-storage.js","performance":"https://www.gstatic.com/firebasejs/11.3.1/firebase-performance.js","remote-config":"https://www.gstatic.com/firebasejs/11.3.1/firebase-remote-config.js","messaging":"https://www.gstatic.com/firebasejs/11.3.1/firebase-messaging.js","messaging/sw":"https://www.gstatic.com/firebasejs/11.3.1/firebase-messaging/sw.js","database":"https://www.gstatic.com/firebasejs/11.3.1/firebase-database.js","vertexai":"https://www.gstatic.com/firebasejs/11.3.1/firebase-vertexai.js","data-connect":"https://www.gstatic.com/firebasejs/11.3.1/firebase-data-connect.js","firestore.memory":"https://www.gstatic.com/firebasejs/11.3.1/firebase-firestore.memory.js"}}
[info] +  Wrote build/index.html 
[info] 
[info] i  Detected a .git folder at C:\Users\shara\OneDrive\Documents\ME\Interview Task\Alter Office\Task-management 
[info] i  Authorizing with GitHub to upload your service account to a GitHub repository's secrets store. 
[info] 
[info] Visit this URL on this device to log in:
[info] https://github.com/login/oauth/authorize?client_id=89cf50f02ac6aaed3484&state=21746609&redirect_uri=http%3A%2F%2Flocalhost%3A9005&scope=read%3Auser%20repo%20public_repo
[info] 
[info] Waiting for authentication...
[debug] [2025-02-15T21:36:09.301Z] >>> [apiv2][query] POST https://github.com/login/oauth/access_token [none]
[debug] [2025-02-15T21:36:09.302Z] >>> [apiv2][body] POST https://github.com/login/oauth/access_token [stream]
[debug] [2025-02-15T21:36:09.837Z] <<< [apiv2][status] POST https://github.com/login/oauth/access_token 200
[debug] [2025-02-15T21:36:09.837Z] <<< [apiv2][body] POST https://github.com/login/oauth/access_token {"access_token":"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","token_type":"bearer","scope":"read:user,repo"}
[debug] [2025-02-15T21:36:09.844Z] >>> [apiv2][query] GET https://api.github.com/user [none]
[debug] [2025-02-15T21:36:10.341Z] <<< [apiv2][status] GET https://api.github.com/user 200
[debug] [2025-02-15T21:36:10.341Z] <<< [apiv2][body] GET https://api.github.com/user {"login":"MTsrf","id":87238753,"node_id":"MDQ6VXNlcjg3MjM4NzUz","avatar_url":"https://avatars.githubusercontent.com/u/87238753?v=4","gravatar_id":"","url":"https://api.github.com/users/MTsrf","html_url":"https://github.com/MTsrf","followers_url":"https://api.github.com/users/MTsrf/followers","following_url":"https://api.github.com/users/MTsrf/following{/other_user}","gists_url":"https://api.github.com/users/MTsrf/gists{/gist_id}","starred_url":"https://api.github.com/users/MTsrf/starred{/owner}{/repo}","subscriptions_url":"https://api.github.com/users/MTsrf/subscriptions","organizations_url":"https://api.github.com/users/MTsrf/orgs","repos_url":"https://api.github.com/users/MTsrf/repos","events_url":"https://api.github.com/users/MTsrf/events{/privacy}","received_events_url":"https://api.github.com/users/MTsrf/received_events","type":"User","user_view_type":"private","site_admin":false,"name":"Sharafudheen.M","company":null,"blog":"","location":"kerala,Malappuram","email":null,"hireable":null,"bio":null,"twitter_username":null,"notification_email":null,"public_repos":39,"public_gists":0,"followers":30,"following":27,"created_at":"2021-07-10T15:51:54Z","updated_at":"2025-02-08T17:05:33Z","private_gists":0,"total_private_repos":3,"owned_private_repos":3,"disk_usage":193483,"collaborators":0,"two_factor_authentication":true,"plan":{"name":"free","space":976562499,"collaborators":0,"private_repos":10000}}
[info] 
[info] +  Success! Logged into GitHub as MTsrf 
[info] 
[debug] [2025-02-15T21:36:22.653Z] >>> [apiv2][query] GET https://api.github.com/repos//MTsrf/Task-Managment/actions/secrets/public-key type=owner
[debug] [2025-02-15T21:36:23.113Z] <<< [apiv2][status] GET https://api.github.com/repos//MTsrf/Task-Managment/actions/secrets/public-key 404
[debug] [2025-02-15T21:36:23.113Z] <<< [apiv2][body] GET https://api.github.com/repos//MTsrf/Task-Managment/actions/secrets/public-key {"message":"Not Found","documentation_url":"https://docs.github.com/rest","status":"404"}
[info] 
[info] 
[error] !  The provided authorization cannot be used with this repository. If this repository is in an organization, did you remember to grant access? 
[info] 
[info] i  Action required: Visit this URL to ensure access has been granted to the appropriate organization(s) for the Firebase CLI GitHub OAuth App: 
[info] https://github.com/settings/connections/applications/89cf50f02ac6aaed3484
[info] 
[debug] [2025-02-15T21:36:47.646Z] >>> [apiv2][query] GET https://api.github.com/repos//MTsrf/Task-Managment/actions/secrets/public-key type=owner
[debug] [2025-02-15T21:36:48.076Z] <<< [apiv2][status] GET https://api.github.com/repos//MTsrf/Task-Managment/actions/secrets/public-key 404
[debug] [2025-02-15T21:36:48.077Z] <<< [apiv2][body] GET https://api.github.com/repos//MTsrf/Task-Managment/actions/secrets/public-key {"message":"Not Found","documentation_url":"https://docs.github.com/rest","status":"404"}
[info] 
[info] 
[error] !  The provided authorization cannot be used with this repository. If this repository is in an organization, did you remember to grant access? 
[info] 
[info] i  Action required: Visit this URL to ensure access has been granted to the appropriate organization(s) for the Firebase CLI GitHub OAuth App: 
[info] https://github.com/settings/connections/applications/89cf50f02ac6aaed3484
[info] 
[debug] [2025-02-15T21:38:44.530Z] >>> [apiv2][query] GET https://api.github.com/repos//MTsrf/Task-Managment/actions/secrets/public-key type=owner
[debug] [2025-02-15T21:38:44.976Z] <<< [apiv2][status] GET https://api.github.com/repos//MTsrf/Task-Managment/actions/secrets/public-key 404
[debug] [2025-02-15T21:38:44.977Z] <<< [apiv2][body] GET https://api.github.com/repos//MTsrf/Task-Managment/actions/secrets/public-key {"message":"Not Found","documentation_url":"https://docs.github.com/rest","status":"404"}
[info] 
[info] 
[error] !  The provided authorization cannot be used with this repository. If this repository is in an organization, did you remember to grant access? 
[info] 
[info] i  Action required: Visit this URL to ensure access has been granted to the appropriate organization(s) for the Firebase CLI GitHub OAuth App: 
[info] https://github.com/settings/connections/applications/89cf50f02ac6aaed3484
[info] 
[debug] [2025-02-15T21:39:23.395Z] >>> [apiv2][query] GET https://api.github.com/repos//MTsrf/Task-Managment/MTsrf/Task-Managment/actions/secrets/public-key type=owner
[debug] [2025-02-15T21:39:23.835Z] <<< [apiv2][status] GET https://api.github.com/repos//MTsrf/Task-Managment/MTsrf/Task-Managment/actions/secrets/public-key 404
[debug] [2025-02-15T21:39:23.835Z] <<< [apiv2][body] GET https://api.github.com/repos//MTsrf/Task-Managment/MTsrf/Task-Managment/actions/secrets/public-key {"message":"Not Found","documentation_url":"https://docs.github.com/rest","status":"404"}
[info] 
[info] 
[error] !  The provided authorization cannot be used with this repository. If this repository is in an organization, did you remember to grant access? 
[info] 
[info] i  Action required: Visit this URL to ensure access has been granted to the appropriate organization(s) for the Firebase CLI GitHub OAuth App: 
[info] https://github.com/settings/connections/applications/89cf50f02ac6aaed3484
[info] 
[debug] [2025-02-15T21:39:37.555Z] >>> [apiv2][query] GET https://api.github.com/repos//MTsrf/Task-Managment/actions/secrets/public-key type=owner
[debug] [2025-02-15T21:39:38.013Z] <<< [apiv2][status] GET https://api.github.com/repos//MTsrf/Task-Managment/actions/secrets/public-key 404
[debug] [2025-02-15T21:39:38.013Z] <<< [apiv2][body] GET https://api.github.com/repos//MTsrf/Task-Managment/actions/secrets/public-key {"message":"Not Found","documentation_url":"https://docs.github.com/rest","status":"404"}
[info] 
[info] 
[error] !  The provided authorization cannot be used with this repository. If this repository is in an organization, did you remember to grant access? 
[info] 
[info] i  Action required: Visit this URL to ensure access has been granted to the appropriate organization(s) for the Firebase CLI GitHub OAuth App: 
[info] https://github.com/settings/connections/applications/89cf50f02ac6aaed3484
[info] 
[debug] [2025-02-15T21:42:52.325Z] >>> [apiv2][query] GET https://api.github.com/repos//MTsrf/Task-Managment/actions/secrets/public-key type=owner
[debug] [2025-02-15T21:42:52.810Z] <<< [apiv2][status] GET https://api.github.com/repos//MTsrf/Task-Managment/actions/secrets/public-key 404
[debug] [2025-02-15T21:42:52.810Z] <<< [apiv2][body] GET https://api.github.com/repos//MTsrf/Task-Managment/actions/secrets/public-key {"message":"Not Found","documentation_url":"https://docs.github.com/rest","status":"404"}
[info] 
[info] 
[error] !  The provided authorization cannot be used with this repository. If this repository is in an organization, did you remember to grant access? 
[info] 
[info] i  Action required: Visit this URL to ensure access has been granted to the appropriate organization(s) for the Firebase CLI GitHub OAuth App: 
[info] https://github.com/settings/connections/applications/89cf50f02ac6aaed3484
[info] 
